Beginning the upload for 5 (png+json) pairs
started at: 1633177860173
wallet public key: ED3xL5u5LaK5oLzyShMrxdGH6MUidtYpxyqXBoM5xbBh
Processing file: 0
Writing indices 0-4
Translating error SendTransactionError: failed to send transaction: Transaction simulation failed: Error processing Instruction 0: Program failed to complete
    at Connection.sendEncodedTransaction (/Users/pro/Sites/metaplex-foundation/metaplex/js/node_modules/@solana/web3.js/src/connection.ts:3553:13)
    at processTicksAndRejections (internal/process/task_queues.js:95:5)
    at async Connection.sendRawTransaction (/Users/pro/Sites/metaplex-foundation/metaplex/js/node_modules/@solana/web3.js/src/connection.ts:3513:20)
    at async Object.sendAndConfirmRawTransaction (/Users/pro/Sites/metaplex-foundation/metaplex/js/node_modules/@solana/web3.js/src/util/send-and-confirm-raw-transaction.ts:27:21)
    at async Provider.send (/Users/pro/Sites/metaplex-foundation/metaplex/js/node_modules/@project-serum/anchor/src/provider.ts:112:18)
    at async Object.rpc [as addConfigLines] (/Users/pro/Sites/metaplex-foundation/metaplex/js/node_modules/@project-serum/anchor/src/program/namespace/rpc.ts:19:23) {
  logs: [
    'Program cndyAnrLdpjq1Ssp1z8xxDsB8dxe7u4HL5Nxi2K5WXZ invoke [1]',
    'Program log: libstd rust_begin_panic',
    "Program log: panicked at 'range end index 1451 out of range for slice of length 496', nft-candy-machine/src/lib.rs:318:18",
    'Program cndyAnrLdpjq1Ssp1z8xxDsB8dxe7u4HL5Nxi2K5WXZ consumed 200000 of 200000 compute units',
    'Program failed to complete: BPF program panicked',
    'Program cndyAnrLdpjq1Ssp1z8xxDsB8dxe7u4HL5Nxi2K5WXZ failed: Program failed to complete'
  ]
}
Done. Successful = false.
wallet public key: ED3xL5u5LaK5oLzyShMrxdGH6MUidtYpxyqXBoM5xbBh
Processing file: 0
Writing indices 0-4
Translating error SendTransactionError: failed to send transaction: Transaction simulation failed: Error processing Instruction 0: Program failed to complete
    at Connection.sendEncodedTransaction (/Users/pro/Sites/metaplex-foundation/metaplex/js/node_modules/@solana/web3.js/src/connection.ts:3553:13)
    at processTicksAndRejections (internal/process/task_queues.js:95:5)
    at async Connection.sendRawTransaction (/Users/pro/Sites/metaplex-foundation/metaplex/js/node_modules/@solana/web3.js/src/connection.ts:3513:20)
    at async Object.sendAndConfirmRawTransaction (/Users/pro/Sites/metaplex-foundation/metaplex/js/node_modules/@solana/web3.js/src/util/send-and-confirm-raw-transaction.ts:27:21)
    at async Provider.send (/Users/pro/Sites/metaplex-foundation/metaplex/js/node_modules/@project-serum/anchor/src/provider.ts:112:18)
    at async Object.rpc [as addConfigLines] (/Users/pro/Sites/metaplex-foundation/metaplex/js/node_modules/@project-serum/anchor/src/program/namespace/rpc.ts:19:23) {
  logs: [
    'Program cndyAnrLdpjq1Ssp1z8xxDsB8dxe7u4HL5Nxi2K5WXZ invoke [1]',
    'Program log: libstd rust_begin_panic',
    "Program log: panicked at 'range end index 1451 out of range for slice of length 496', nft-candy-machine/src/lib.rs:318:18",
    'Program cndyAnrLdpjq1Ssp1z8xxDsB8dxe7u4HL5Nxi2K5WXZ consumed 200000 of 200000 compute units',
    'Program failed to complete: BPF program panicked',
    'Program cndyAnrLdpjq1Ssp1z8xxDsB8dxe7u4HL5Nxi2K5WXZ failed: Program failed to complete'
  ]
}
Done. Successful = false.
wallet public key: ED3xL5u5LaK5oLzyShMrxdGH6MUidtYpxyqXBoM5xbBh
Processing file: 0
Writing indices 0-4
Translating error SendTransactionError: failed to send transaction: Transaction simulation failed: Error processing Instruction 0: Program failed to complete
    at Connection.sendEncodedTransaction (/Users/pro/Sites/metaplex-foundation/metaplex/js/node_modules/@solana/web3.js/src/connection.ts:3553:13)
    at processTicksAndRejections (internal/process/task_queues.js:95:5)
    at async Connection.sendRawTransaction (/Users/pro/Sites/metaplex-foundation/metaplex/js/node_modules/@solana/web3.js/src/connection.ts:3513:20)
    at async Object.sendAndConfirmRawTransaction (/Users/pro/Sites/metaplex-foundation/metaplex/js/node_modules/@solana/web3.js/src/util/send-and-confirm-raw-transaction.ts:27:21)
    at async Provider.send (/Users/pro/Sites/metaplex-foundation/metaplex/js/node_modules/@project-serum/anchor/src/provider.ts:112:18)
    at async Object.rpc [as addConfigLines] (/Users/pro/Sites/metaplex-foundation/metaplex/js/node_modules/@project-serum/anchor/src/program/namespace/rpc.ts:19:23) {
  logs: [
    'Program cndyAnrLdpjq1Ssp1z8xxDsB8dxe7u4HL5Nxi2K5WXZ invoke [1]',
    'Program log: libstd rust_begin_panic',
    "Program log: panicked at 'range end index 1451 out of range for slice of length 496', nft-candy-machine/src/lib.rs:318:18",
    'Program cndyAnrLdpjq1Ssp1z8xxDsB8dxe7u4HL5Nxi2K5WXZ consumed 200000 of 200000 compute units',
    'Program failed to complete: BPF program panicked',
    'Program cndyAnrLdpjq1Ssp1z8xxDsB8dxe7u4HL5Nxi2K5WXZ failed: Program failed to complete'
  ]
}
Done. Successful = false.
wallet public key: ED3xL5u5LaK5oLzyShMrxdGH6MUidtYpxyqXBoM5xbBh
Processing file: 0
Writing indices 0-4
Translating error SendTransactionError: failed to send transaction: Transaction simulation failed: Error processing Instruction 0: Program failed to complete
    at Connection.sendEncodedTransaction (/Users/pro/Sites/metaplex-foundation/metaplex/js/node_modules/@solana/web3.js/src/connection.ts:3553:13)
    at processTicksAndRejections (internal/process/task_queues.js:95:5)
    at async Connection.sendRawTransaction (/Users/pro/Sites/metaplex-foundation/metaplex/js/node_modules/@solana/web3.js/src/connection.ts:3513:20)
    at async Object.sendAndConfirmRawTransaction (/Users/pro/Sites/metaplex-foundation/metaplex/js/node_modules/@solana/web3.js/src/util/send-and-confirm-raw-transaction.ts:27:21)
    at async Provider.send (/Users/pro/Sites/metaplex-foundation/metaplex/js/node_modules/@project-serum/anchor/src/provider.ts:112:18)
    at async Object.rpc [as addConfigLines] (/Users/pro/Sites/metaplex-foundation/metaplex/js/node_modules/@project-serum/anchor/src/program/namespace/rpc.ts:19:23) {
  logs: [
    'Program cndyAnrLdpjq1Ssp1z8xxDsB8dxe7u4HL5Nxi2K5WXZ invoke [1]',
    'Program log: libstd rust_begin_panic',
    "Program log: panicked at 'range end index 1451 out of range for slice of length 496', nft-candy-machine/src/lib.rs:318:18",
    'Program cndyAnrLdpjq1Ssp1z8xxDsB8dxe7u4HL5Nxi2K5WXZ consumed 200000 of 200000 compute units',
    'Program failed to complete: BPF program panicked',
    'Program cndyAnrLdpjq1Ssp1z8xxDsB8dxe7u4HL5Nxi2K5WXZ failed: Program failed to complete'
  ]
}
Done. Successful = false.
wallet public key: ED3xL5u5LaK5oLzyShMrxdGH6MUidtYpxyqXBoM5xbBh
Processing file: 0
Writing indices 0-4
Translating error SendTransactionError: failed to send transaction: Transaction simulation failed: Error processing Instruction 0: Program failed to complete
    at Connection.sendEncodedTransaction (/Users/pro/Sites/metaplex-foundation/metaplex/js/node_modules/@solana/web3.js/src/connection.ts:3553:13)
    at processTicksAndRejections (internal/process/task_queues.js:95:5)
    at async Connection.sendRawTransaction (/Users/pro/Sites/metaplex-foundation/metaplex/js/node_modules/@solana/web3.js/src/connection.ts:3513:20)
    at async Object.sendAndConfirmRawTransaction (/Users/pro/Sites/metaplex-foundation/metaplex/js/node_modules/@solana/web3.js/src/util/send-and-confirm-raw-transaction.ts:27:21)
    at async Provider.send (/Users/pro/Sites/metaplex-foundation/metaplex/js/node_modules/@project-serum/anchor/src/provider.ts:112:18)
    at async Object.rpc [as addConfigLines] (/Users/pro/Sites/metaplex-foundation/metaplex/js/node_modules/@project-serum/anchor/src/program/namespace/rpc.ts:19:23) {
  logs: [
    'Program cndyAnrLdpjq1Ssp1z8xxDsB8dxe7u4HL5Nxi2K5WXZ invoke [1]',
    'Program log: libstd rust_begin_panic',
    "Program log: panicked at 'range end index 1451 out of range for slice of length 496', nft-candy-machine/src/lib.rs:318:18",
    'Program cndyAnrLdpjq1Ssp1z8xxDsB8dxe7u4HL5Nxi2K5WXZ consumed 200000 of 200000 compute units',
    'Program failed to complete: BPF program panicked',
    'Program cndyAnrLdpjq1Ssp1z8xxDsB8dxe7u4HL5Nxi2K5WXZ failed: Program failed to complete'
  ]
}
Done. Successful = false.
wallet public key: ED3xL5u5LaK5oLzyShMrxdGH6MUidtYpxyqXBoM5xbBh
Processing file: 0
Writing indices 0-4
Translating error SendTransactionError: failed to send transaction: Transaction simulation failed: Error processing Instruction 0: Program failed to complete
    at Connection.sendEncodedTransaction (/Users/pro/Sites/metaplex-foundation/metaplex/js/node_modules/@solana/web3.js/src/connection.ts:3553:13)
    at processTicksAndRejections (internal/process/task_queues.js:95:5)
    at async Connection.sendRawTransaction (/Users/pro/Sites/metaplex-foundation/metaplex/js/node_modules/@solana/web3.js/src/connection.ts:3513:20)
    at async Object.sendAndConfirmRawTransaction (/Users/pro/Sites/metaplex-foundation/metaplex/js/node_modules/@solana/web3.js/src/util/send-and-confirm-raw-transaction.ts:27:21)
    at async Provider.send (/Users/pro/Sites/metaplex-foundation/metaplex/js/node_modules/@project-serum/anchor/src/provider.ts:112:18)
    at async Object.rpc [as addConfigLines] (/Users/pro/Sites/metaplex-foundation/metaplex/js/node_modules/@project-serum/anchor/src/program/namespace/rpc.ts:19:23) {
  logs: [
    'Program cndyAnrLdpjq1Ssp1z8xxDsB8dxe7u4HL5Nxi2K5WXZ invoke [1]',
    'Program log: libstd rust_begin_panic',
    "Program log: panicked at 'range end index 1451 out of range for slice of length 496', nft-candy-machine/src/lib.rs:318:18",
    'Program cndyAnrLdpjq1Ssp1z8xxDsB8dxe7u4HL5Nxi2K5WXZ consumed 200000 of 200000 compute units',
    'Program failed to complete: BPF program panicked',
    'Program cndyAnrLdpjq1Ssp1z8xxDsB8dxe7u4HL5Nxi2K5WXZ failed: Program failed to complete'
  ]
}
Done. Successful = false.
wallet public key: ED3xL5u5LaK5oLzyShMrxdGH6MUidtYpxyqXBoM5xbBh
Processing file: 0
Writing indices 0-4
Translating error SendTransactionError: failed to send transaction: Transaction simulation failed: Error processing Instruction 0: Program failed to complete
    at Connection.sendEncodedTransaction (/Users/pro/Sites/metaplex-foundation/metaplex/js/node_modules/@solana/web3.js/src/connection.ts:3553:13)
    at processTicksAndRejections (internal/process/task_queues.js:95:5)
    at async Connection.sendRawTransaction (/Users/pro/Sites/metaplex-foundation/metaplex/js/node_modules/@solana/web3.js/src/connection.ts:3513:20)
    at async Object.sendAndConfirmRawTransaction (/Users/pro/Sites/metaplex-foundation/metaplex/js/node_modules/@solana/web3.js/src/util/send-and-confirm-raw-transaction.ts:27:21)
    at async Provider.send (/Users/pro/Sites/metaplex-foundation/metaplex/js/node_modules/@project-serum/anchor/src/provider.ts:112:18)
    at async Object.rpc [as addConfigLines] (/Users/pro/Sites/metaplex-foundation/metaplex/js/node_modules/@project-serum/anchor/src/program/namespace/rpc.ts:19:23) {
  logs: [
    'Program cndyAnrLdpjq1Ssp1z8xxDsB8dxe7u4HL5Nxi2K5WXZ invoke [1]',
    'Program log: libstd rust_begin_panic',
    "Program log: panicked at 'range end index 1451 out of range for slice of length 496', nft-candy-machine/src/lib.rs:318:18",
    'Program cndyAnrLdpjq1Ssp1z8xxDsB8dxe7u4HL5Nxi2K5WXZ consumed 200000 of 200000 compute units',
    'Program failed to complete: BPF program panicked',
    'Program cndyAnrLdpjq1Ssp1z8xxDsB8dxe7u4HL5Nxi2K5WXZ failed: Program failed to complete'
  ]
}
Done. Successful = false.
wallet public key: ED3xL5u5LaK5oLzyShMrxdGH6MUidtYpxyqXBoM5xbBh
Processing file: 0
Writing indices 0-4
Translating error SendTransactionError: failed to send transaction: Transaction simulation failed: Error processing Instruction 0: Program failed to complete
    at Connection.sendEncodedTransaction (/Users/pro/Sites/metaplex-foundation/metaplex/js/node_modules/@solana/web3.js/src/connection.ts:3553:13)
    at processTicksAndRejections (internal/process/task_queues.js:95:5)
    at async Connection.sendRawTransaction (/Users/pro/Sites/metaplex-foundation/metaplex/js/node_modules/@solana/web3.js/src/connection.ts:3513:20)
    at async Object.sendAndConfirmRawTransaction (/Users/pro/Sites/metaplex-foundation/metaplex/js/node_modules/@solana/web3.js/src/util/send-and-confirm-raw-transaction.ts:27:21)
    at async Provider.send (/Users/pro/Sites/metaplex-foundation/metaplex/js/node_modules/@project-serum/anchor/src/provider.ts:112:18)
    at async Object.rpc [as addConfigLines] (/Users/pro/Sites/metaplex-foundation/metaplex/js/node_modules/@project-serum/anchor/src/program/namespace/rpc.ts:19:23) {
  logs: [
    'Program cndyAnrLdpjq1Ssp1z8xxDsB8dxe7u4HL5Nxi2K5WXZ invoke [1]',
    'Program log: libstd rust_begin_panic',
    "Program log: panicked at 'range end index 1451 out of range for slice of length 496', nft-candy-machine/src/lib.rs:318:18",
    'Program cndyAnrLdpjq1Ssp1z8xxDsB8dxe7u4HL5Nxi2K5WXZ consumed 200000 of 200000 compute units',
    'Program failed to complete: BPF program panicked',
    'Program cndyAnrLdpjq1Ssp1z8xxDsB8dxe7u4HL5Nxi2K5WXZ failed: Program failed to complete'
  ]
}
Done. Successful = false.
wallet public key: ED3xL5u5LaK5oLzyShMrxdGH6MUidtYpxyqXBoM5xbBh
Processing file: 0
Writing indices 0-4
Translating error SendTransactionError: failed to send transaction: Transaction simulation failed: Error processing Instruction 0: Program failed to complete
    at Connection.sendEncodedTransaction (/Users/pro/Sites/metaplex-foundation/metaplex/js/node_modules/@solana/web3.js/src/connection.ts:3553:13)
    at processTicksAndRejections (internal/process/task_queues.js:95:5)
    at async Connection.sendRawTransaction (/Users/pro/Sites/metaplex-foundation/metaplex/js/node_modules/@solana/web3.js/src/connection.ts:3513:20)
    at async Object.sendAndConfirmRawTransaction (/Users/pro/Sites/metaplex-foundation/metaplex/js/node_modules/@solana/web3.js/src/util/send-and-confirm-raw-transaction.ts:27:21)
    at async Provider.send (/Users/pro/Sites/metaplex-foundation/metaplex/js/node_modules/@project-serum/anchor/src/provider.ts:112:18)
    at async Object.rpc [as addConfigLines] (/Users/pro/Sites/metaplex-foundation/metaplex/js/node_modules/@project-serum/anchor/src/program/namespace/rpc.ts:19:23) {
  logs: [
    'Program cndyAnrLdpjq1Ssp1z8xxDsB8dxe7u4HL5Nxi2K5WXZ invoke [1]',
    'Program log: libstd rust_begin_panic',
    "Program log: panicked at 'range end index 1451 out of range for slice of length 496', nft-candy-machine/src/lib.rs:318:18",
    'Program cndyAnrLdpjq1Ssp1z8xxDsB8dxe7u4HL5Nxi2K5WXZ consumed 200000 of 200000 compute units',
    'Program failed to complete: BPF program panicked',
    'Program cndyAnrLdpjq1Ssp1z8xxDsB8dxe7u4HL5Nxi2K5WXZ failed: Program failed to complete'
  ]
}
Done. Successful = false.
wallet public key: ED3xL5u5LaK5oLzyShMrxdGH6MUidtYpxyqXBoM5xbBh
Processing file: 0
Writing indices 0-4
Translating error SendTransactionError: failed to send transaction: Transaction simulation failed: Error processing Instruction 0: Program failed to complete
    at Connection.sendEncodedTransaction (/Users/pro/Sites/metaplex-foundation/metaplex/js/node_modules/@solana/web3.js/src/connection.ts:3553:13)
    at processTicksAndRejections (internal/process/task_queues.js:95:5)
    at async Connection.sendRawTransaction (/Users/pro/Sites/metaplex-foundation/metaplex/js/node_modules/@solana/web3.js/src/connection.ts:3513:20)
    at async Object.sendAndConfirmRawTransaction (/Users/pro/Sites/metaplex-foundation/metaplex/js/node_modules/@solana/web3.js/src/util/send-and-confirm-raw-transaction.ts:27:21)
    at async Provider.send (/Users/pro/Sites/metaplex-foundation/metaplex/js/node_modules/@project-serum/anchor/src/provider.ts:112:18)
    at async Object.rpc [as addConfigLines] (/Users/pro/Sites/metaplex-foundation/metaplex/js/node_modules/@project-serum/anchor/src/program/namespace/rpc.ts:19:23) {
  logs: [
    'Program cndyAnrLdpjq1Ssp1z8xxDsB8dxe7u4HL5Nxi2K5WXZ invoke [1]',
    'Program log: libstd rust_begin_panic',
    "Program log: panicked at 'range end index 1451 out of range for slice of length 496', nft-candy-machine/src/lib.rs:318:18",
    'Program cndyAnrLdpjq1Ssp1z8xxDsB8dxe7u4HL5Nxi2K5WXZ consumed 200000 of 200000 compute units',
    'Program failed to complete: BPF program panicked',
    'Program cndyAnrLdpjq1Ssp1z8xxDsB8dxe7u4HL5Nxi2K5WXZ failed: Program failed to complete'
  ]
}
Done. Successful = false.
wallet public key: ED3xL5u5LaK5oLzyShMrxdGH6MUidtYpxyqXBoM5xbBh
Processing file: 0
Writing indices 0-4
Translating error SendTransactionError: failed to send transaction: Transaction simulation failed: Error processing Instruction 0: Program failed to complete
    at Connection.sendEncodedTransaction (/Users/pro/Sites/metaplex-foundation/metaplex/js/node_modules/@solana/web3.js/src/connection.ts:3553:13)
    at processTicksAndRejections (internal/process/task_queues.js:95:5)
    at async Connection.sendRawTransaction (/Users/pro/Sites/metaplex-foundation/metaplex/js/node_modules/@solana/web3.js/src/connection.ts:3513:20)
    at async Object.sendAndConfirmRawTransaction (/Users/pro/Sites/metaplex-foundation/metaplex/js/node_modules/@solana/web3.js/src/util/send-and-confirm-raw-transaction.ts:27:21)
    at async Provider.send (/Users/pro/Sites/metaplex-foundation/metaplex/js/node_modules/@project-serum/anchor/src/provider.ts:112:18)
    at async Object.rpc [as addConfigLines] (/Users/pro/Sites/metaplex-foundation/metaplex/js/node_modules/@project-serum/anchor/src/program/namespace/rpc.ts:19:23) {
  logs: [
    'Program cndyAnrLdpjq1Ssp1z8xxDsB8dxe7u4HL5Nxi2K5WXZ invoke [1]',
    'Program log: libstd rust_begin_panic',
    "Program log: panicked at 'range end index 1451 out of range for slice of length 496', nft-candy-machine/src/lib.rs:318:18",
    'Program cndyAnrLdpjq1Ssp1z8xxDsB8dxe7u4HL5Nxi2K5WXZ consumed 200000 of 200000 compute units',
    'Program failed to complete: BPF program panicked',
    'Program cndyAnrLdpjq1Ssp1z8xxDsB8dxe7u4HL5Nxi2K5WXZ failed: Program failed to complete'
  ]
}
Done. Successful = false.
wallet public key: ED3xL5u5LaK5oLzyShMrxdGH6MUidtYpxyqXBoM5xbBh
Processing file: 0
Writing indices 0-4
Translating error SendTransactionError: failed to send transaction: Transaction simulation failed: Error processing Instruction 0: Program failed to complete
    at Connection.sendEncodedTransaction (/Users/pro/Sites/metaplex-foundation/metaplex/js/node_modules/@solana/web3.js/src/connection.ts:3553:13)
    at processTicksAndRejections (internal/process/task_queues.js:95:5)
    at async Connection.sendRawTransaction (/Users/pro/Sites/metaplex-foundation/metaplex/js/node_modules/@solana/web3.js/src/connection.ts:3513:20)
    at async Object.sendAndConfirmRawTransaction (/Users/pro/Sites/metaplex-foundation/metaplex/js/node_modules/@solana/web3.js/src/util/send-and-confirm-raw-transaction.ts:27:21)
    at async Provider.send (/Users/pro/Sites/metaplex-foundation/metaplex/js/node_modules/@project-serum/anchor/src/provider.ts:112:18)
    at async Object.rpc [as addConfigLines] (/Users/pro/Sites/metaplex-foundation/metaplex/js/node_modules/@project-serum/anchor/src/program/namespace/rpc.ts:19:23) {
  logs: [
    'Program cndyAnrLdpjq1Ssp1z8xxDsB8dxe7u4HL5Nxi2K5WXZ invoke [1]',
    'Program log: libstd rust_begin_panic',
    "Program log: panicked at 'range end index 1451 out of range for slice of length 496', nft-candy-machine/src/lib.rs:318:18",
    'Program cndyAnrLdpjq1Ssp1z8xxDsB8dxe7u4HL5Nxi2K5WXZ consumed 200000 of 200000 compute units',
    'Program failed to complete: BPF program panicked',
    'Program cndyAnrLdpjq1Ssp1z8xxDsB8dxe7u4HL5Nxi2K5WXZ failed: Program failed to complete'
  ]
}
Done. Successful = false.
wallet public key: ED3xL5u5LaK5oLzyShMrxdGH6MUidtYpxyqXBoM5xbBh
Processing file: 0
Writing indices 0-4
Translating error SendTransactionError: failed to send transaction: Transaction simulation failed: Error processing Instruction 0: Program failed to complete
    at Connection.sendEncodedTransaction (/Users/pro/Sites/metaplex-foundation/metaplex/js/node_modules/@solana/web3.js/src/connection.ts:3553:13)
    at processTicksAndRejections (internal/process/task_queues.js:95:5)
    at async Connection.sendRawTransaction (/Users/pro/Sites/metaplex-foundation/metaplex/js/node_modules/@solana/web3.js/src/connection.ts:3513:20)
    at async Object.sendAndConfirmRawTransaction (/Users/pro/Sites/metaplex-foundation/metaplex/js/node_modules/@solana/web3.js/src/util/send-and-confirm-raw-transaction.ts:27:21)
    at async Provider.send (/Users/pro/Sites/metaplex-foundation/metaplex/js/node_modules/@project-serum/anchor/src/provider.ts:112:18)
    at async Object.rpc [as addConfigLines] (/Users/pro/Sites/metaplex-foundation/metaplex/js/node_modules/@project-serum/anchor/src/program/namespace/rpc.ts:19:23) {
  logs: [
    'Program cndyAnrLdpjq1Ssp1z8xxDsB8dxe7u4HL5Nxi2K5WXZ invoke [1]',
    'Program log: libstd rust_begin_panic',
    "Program log: panicked at 'range end index 1451 out of range for slice of length 496', nft-candy-machine/src/lib.rs:318:18",
    'Program cndyAnrLdpjq1Ssp1z8xxDsB8dxe7u4HL5Nxi2K5WXZ consumed 200000 of 200000 compute units',
    'Program failed to complete: BPF program panicked',
    'Program cndyAnrLdpjq1Ssp1z8xxDsB8dxe7u4HL5Nxi2K5WXZ failed: Program failed to complete'
  ]
}
Done. Successful = false.
wallet public key: ED3xL5u5LaK5oLzyShMrxdGH6MUidtYpxyqXBoM5xbBh
Processing file: 0
Writing indices 0-4
Translating error SendTransactionError: failed to send transaction: Transaction simulation failed: Error processing Instruction 0: Program failed to complete
    at Connection.sendEncodedTransaction (/Users/pro/Sites/metaplex-foundation/metaplex/js/node_modules/@solana/web3.js/src/connection.ts:3553:13)
    at processTicksAndRejections (internal/process/task_queues.js:95:5)
    at async Connection.sendRawTransaction (/Users/pro/Sites/metaplex-foundation/metaplex/js/node_modules/@solana/web3.js/src/connection.ts:3513:20)
    at async Object.sendAndConfirmRawTransaction (/Users/pro/Sites/metaplex-foundation/metaplex/js/node_modules/@solana/web3.js/src/util/send-and-confirm-raw-transaction.ts:27:21)
    at async Provider.send (/Users/pro/Sites/metaplex-foundation/metaplex/js/node_modules/@project-serum/anchor/src/provider.ts:112:18)
    at async Object.rpc [as addConfigLines] (/Users/pro/Sites/metaplex-foundation/metaplex/js/node_modules/@project-serum/anchor/src/program/namespace/rpc.ts:19:23) {
  logs: [
    'Program cndyAnrLdpjq1Ssp1z8xxDsB8dxe7u4HL5Nxi2K5WXZ invoke [1]',
    'Program log: libstd rust_begin_panic',
    "Program log: panicked at 'range end index 1451 out of range for slice of length 496', nft-candy-machine/src/lib.rs:318:18",
    'Program cndyAnrLdpjq1Ssp1z8xxDsB8dxe7u4HL5Nxi2K5WXZ consumed 200000 of 200000 compute units',
    'Program failed to complete: BPF program panicked',
    'Program cndyAnrLdpjq1Ssp1z8xxDsB8dxe7u4HL5Nxi2K5WXZ failed: Program failed to complete'
  ]
}
Done. Successful = false.
wallet public key: ED3xL5u5LaK5oLzyShMrxdGH6MUidtYpxyqXBoM5xbBh
Processing file: 0
Writing indices 0-4
Translating error SendTransactionError: failed to send transaction: Transaction simulation failed: Error processing Instruction 0: Program failed to complete
    at Connection.sendEncodedTransaction (/Users/pro/Sites/metaplex-foundation/metaplex/js/node_modules/@solana/web3.js/src/connection.ts:3553:13)
    at processTicksAndRejections (internal/process/task_queues.js:95:5)
    at async Connection.sendRawTransaction (/Users/pro/Sites/metaplex-foundation/metaplex/js/node_modules/@solana/web3.js/src/connection.ts:3513:20)
    at async Object.sendAndConfirmRawTransaction (/Users/pro/Sites/metaplex-foundation/metaplex/js/node_modules/@solana/web3.js/src/util/send-and-confirm-raw-transaction.ts:27:21)
    at async Provider.send (/Users/pro/Sites/metaplex-foundation/metaplex/js/node_modules/@project-serum/anchor/src/provider.ts:112:18)
    at async Object.rpc [as addConfigLines] (/Users/pro/Sites/metaplex-foundation/metaplex/js/node_modules/@project-serum/anchor/src/program/namespace/rpc.ts:19:23) {
  logs: [
    'Program cndyAnrLdpjq1Ssp1z8xxDsB8dxe7u4HL5Nxi2K5WXZ invoke [1]',
    'Program log: libstd rust_begin_panic',
    "Program log: panicked at 'range end index 1451 out of range for slice of length 496', nft-candy-machine/src/lib.rs:318:18",
    'Program cndyAnrLdpjq1Ssp1z8xxDsB8dxe7u4HL5Nxi2K5WXZ consumed 200000 of 200000 compute units',
    'Program failed to complete: BPF program panicked',
    'Program cndyAnrLdpjq1Ssp1z8xxDsB8dxe7u4HL5Nxi2K5WXZ failed: Program failed to complete'
  ]
}
Done. Successful = false.
wallet public key: ED3xL5u5LaK5oLzyShMrxdGH6MUidtYpxyqXBoM5xbBh
Processing file: 0
Writing indices 0-4
Translating error SendTransactionError: failed to send transaction: Transaction simulation failed: Error processing Instruction 0: Program failed to complete
    at Connection.sendEncodedTransaction (/Users/pro/Sites/metaplex-foundation/metaplex/js/node_modules/@solana/web3.js/src/connection.ts:3553:13)
    at processTicksAndRejections (internal/process/task_queues.js:95:5)
    at async Connection.sendRawTransaction (/Users/pro/Sites/metaplex-foundation/metaplex/js/node_modules/@solana/web3.js/src/connection.ts:3513:20)
    at async Object.sendAndConfirmRawTransaction (/Users/pro/Sites/metaplex-foundation/metaplex/js/node_modules/@solana/web3.js/src/util/send-and-confirm-raw-transaction.ts:27:21)
    at async Provider.send (/Users/pro/Sites/metaplex-foundation/metaplex/js/node_modules/@project-serum/anchor/src/provider.ts:112:18)
    at async Object.rpc [as addConfigLines] (/Users/pro/Sites/metaplex-foundation/metaplex/js/node_modules/@project-serum/anchor/src/program/namespace/rpc.ts:19:23) {
  logs: [
    'Program cndyAnrLdpjq1Ssp1z8xxDsB8dxe7u4HL5Nxi2K5WXZ invoke [1]',
    'Program log: libstd rust_begin_panic',
    "Program log: panicked at 'range end index 1451 out of range for slice of length 496', nft-candy-machine/src/lib.rs:318:18",
    'Program cndyAnrLdpjq1Ssp1z8xxDsB8dxe7u4HL5Nxi2K5WXZ consumed 200000 of 200000 compute units',
    'Program failed to complete: BPF program panicked',
    'Program cndyAnrLdpjq1Ssp1z8xxDsB8dxe7u4HL5Nxi2K5WXZ failed: Program failed to complete'
  ]
}
Done. Successful = false.
wallet public key: ED3xL5u5LaK5oLzyShMrxdGH6MUidtYpxyqXBoM5xbBh
Processing file: 0
Writing indices 0-4
Translating error SendTransactionError: failed to send transaction: Transaction simulation failed: Error processing Instruction 0: Program failed to complete
    at Connection.sendEncodedTransaction (/Users/pro/Sites/metaplex-foundation/metaplex/js/node_modules/@solana/web3.js/src/connection.ts:3553:13)
    at processTicksAndRejections (internal/process/task_queues.js:95:5)
    at async Connection.sendRawTransaction (/Users/pro/Sites/metaplex-foundation/metaplex/js/node_modules/@solana/web3.js/src/connection.ts:3513:20)
    at async Object.sendAndConfirmRawTransaction (/Users/pro/Sites/metaplex-foundation/metaplex/js/node_modules/@solana/web3.js/src/util/send-and-confirm-raw-transaction.ts:27:21)
    at async Provider.send (/Users/pro/Sites/metaplex-foundation/metaplex/js/node_modules/@project-serum/anchor/src/provider.ts:112:18)
    at async Object.rpc [as addConfigLines] (/Users/pro/Sites/metaplex-foundation/metaplex/js/node_modules/@project-serum/anchor/src/program/namespace/rpc.ts:19:23) {
  logs: [
    'Program cndyAnrLdpjq1Ssp1z8xxDsB8dxe7u4HL5Nxi2K5WXZ invoke [1]',
    'Program log: libstd rust_begin_panic',
    "Program log: panicked at 'range end index 1451 out of range for slice of length 496', nft-candy-machine/src/lib.rs:318:18",
    'Program cndyAnrLdpjq1Ssp1z8xxDsB8dxe7u4HL5Nxi2K5WXZ consumed 200000 of 200000 compute units',
    'Program failed to complete: BPF program panicked',
    'Program cndyAnrLdpjq1Ssp1z8xxDsB8dxe7u4HL5Nxi2K5WXZ failed: Program failed to complete'
  ]
}
Done. Successful = false.
wallet public key: ED3xL5u5LaK5oLzyShMrxdGH6MUidtYpxyqXBoM5xbBh
Processing file: 0
Writing indices 0-4
Translating error SendTransactionError: failed to send transaction: Transaction simulation failed: Error processing Instruction 0: Program failed to complete
    at Connection.sendEncodedTransaction (/Users/pro/Sites/metaplex-foundation/metaplex/js/node_modules/@solana/web3.js/src/connection.ts:3553:13)
    at processTicksAndRejections (internal/process/task_queues.js:95:5)
    at async Connection.sendRawTransaction (/Users/pro/Sites/metaplex-foundation/metaplex/js/node_modules/@solana/web3.js/src/connection.ts:3513:20)
    at async Object.sendAndConfirmRawTransaction (/Users/pro/Sites/metaplex-foundation/metaplex/js/node_modules/@solana/web3.js/src/util/send-and-confirm-raw-transaction.ts:27:21)
    at async Provider.send (/Users/pro/Sites/metaplex-foundation/metaplex/js/node_modules/@project-serum/anchor/src/provider.ts:112:18)
    at async Object.rpc [as addConfigLines] (/Users/pro/Sites/metaplex-foundation/metaplex/js/node_modules/@project-serum/anchor/src/program/namespace/rpc.ts:19:23) {
  logs: [
    'Program cndyAnrLdpjq1Ssp1z8xxDsB8dxe7u4HL5Nxi2K5WXZ invoke [1]',
    'Program log: libstd rust_begin_panic',
    "Program log: panicked at 'range end index 1451 out of range for slice of length 496', nft-candy-machine/src/lib.rs:318:18",
    'Program cndyAnrLdpjq1Ssp1z8xxDsB8dxe7u4HL5Nxi2K5WXZ consumed 200000 of 200000 compute units',
    'Program failed to complete: BPF program panicked',
    'Program cndyAnrLdpjq1Ssp1z8xxDsB8dxe7u4HL5Nxi2K5WXZ failed: Program failed to complete'
  ]
}
Done. Successful = false.
wallet public key: ED3xL5u5LaK5oLzyShMrxdGH6MUidtYpxyqXBoM5xbBh
Processing file: 0
Writing indices 0-4
Translating error SendTransactionError: failed to send transaction: Transaction simulation failed: Error processing Instruction 0: Program failed to complete
    at Connection.sendEncodedTransaction (/Users/pro/Sites/metaplex-foundation/metaplex/js/node_modules/@solana/web3.js/src/connection.ts:3553:13)
    at processTicksAndRejections (internal/process/task_queues.js:95:5)
    at async Connection.sendRawTransaction (/Users/pro/Sites/metaplex-foundation/metaplex/js/node_modules/@solana/web3.js/src/connection.ts:3513:20)
    at async Object.sendAndConfirmRawTransaction (/Users/pro/Sites/metaplex-foundation/metaplex/js/node_modules/@solana/web3.js/src/util/send-and-confirm-raw-transaction.ts:27:21)
    at async Provider.send (/Users/pro/Sites/metaplex-foundation/metaplex/js/node_modules/@project-serum/anchor/src/provider.ts:112:18)
    at async Object.rpc [as addConfigLines] (/Users/pro/Sites/metaplex-foundation/metaplex/js/node_modules/@project-serum/anchor/src/program/namespace/rpc.ts:19:23) {
  logs: [
    'Program cndyAnrLdpjq1Ssp1z8xxDsB8dxe7u4HL5Nxi2K5WXZ invoke [1]',
    'Program log: libstd rust_begin_panic',
    "Program log: panicked at 'range end index 1451 out of range for slice of length 496', nft-candy-machine/src/lib.rs:318:18",
    'Program cndyAnrLdpjq1Ssp1z8xxDsB8dxe7u4HL5Nxi2K5WXZ consumed 200000 of 200000 compute units',
    'Program failed to complete: BPF program panicked',
    'Program cndyAnrLdpjq1Ssp1z8xxDsB8dxe7u4HL5Nxi2K5WXZ failed: Program failed to complete'
  ]
}
Done. Successful = false.
wallet public key: ED3xL5u5LaK5oLzyShMrxdGH6MUidtYpxyqXBoM5xbBh
Processing file: 0
Writing indices 0-4
Translating error SendTransactionError: failed to send transaction: Transaction simulation failed: Error processing Instruction 0: Program failed to complete
    at Connection.sendEncodedTransaction (/Users/pro/Sites/metaplex-foundation/metaplex/js/node_modules/@solana/web3.js/src/connection.ts:3553:13)
    at processTicksAndRejections (internal/process/task_queues.js:95:5)
    at async Connection.sendRawTransaction (/Users/pro/Sites/metaplex-foundation/metaplex/js/node_modules/@solana/web3.js/src/connection.ts:3513:20)
    at async Object.sendAndConfirmRawTransaction (/Users/pro/Sites/metaplex-foundation/metaplex/js/node_modules/@solana/web3.js/src/util/send-and-confirm-raw-transaction.ts:27:21)
    at async Provider.send (/Users/pro/Sites/metaplex-foundation/metaplex/js/node_modules/@project-serum/anchor/src/provider.ts:112:18)
    at async Object.rpc [as addConfigLines] (/Users/pro/Sites/metaplex-foundation/metaplex/js/node_modules/@project-serum/anchor/src/program/namespace/rpc.ts:19:23) {
  logs: [
    'Program cndyAnrLdpjq1Ssp1z8xxDsB8dxe7u4HL5Nxi2K5WXZ invoke [1]',
    'Program log: libstd rust_begin_panic',
    "Program log: panicked at 'range end index 1451 out of range for slice of length 496', nft-candy-machine/src/lib.rs:318:18",
    'Program cndyAnrLdpjq1Ssp1z8xxDsB8dxe7u4HL5Nxi2K5WXZ consumed 200000 of 200000 compute units',
    'Program failed to complete: BPF program panicked',
    'Program cndyAnrLdpjq1Ssp1z8xxDsB8dxe7u4HL5Nxi2K5WXZ failed: Program failed to complete'
  ]
}
Done. Successful = false.
wallet public key: ED3xL5u5LaK5oLzyShMrxdGH6MUidtYpxyqXBoM5xbBh
Processing file: 0
Writing indices 0-4
Translating error SendTransactionError: failed to send transaction: Transaction simulation failed: Error processing Instruction 0: Program failed to complete
    at Connection.sendEncodedTransaction (/Users/pro/Sites/metaplex-foundation/metaplex/js/node_modules/@solana/web3.js/src/connection.ts:3553:13)
    at processTicksAndRejections (internal/process/task_queues.js:95:5)
    at async Connection.sendRawTransaction (/Users/pro/Sites/metaplex-foundation/metaplex/js/node_modules/@solana/web3.js/src/connection.ts:3513:20)
    at async Object.sendAndConfirmRawTransaction (/Users/pro/Sites/metaplex-foundation/metaplex/js/node_modules/@solana/web3.js/src/util/send-and-confirm-raw-transaction.ts:27:21)
    at async Provider.send (/Users/pro/Sites/metaplex-foundation/metaplex/js/node_modules/@project-serum/anchor/src/provider.ts:112:18)
    at async Object.rpc [as addConfigLines] (/Users/pro/Sites/metaplex-foundation/metaplex/js/node_modules/@project-serum/anchor/src/program/namespace/rpc.ts:19:23) {
  logs: [
    'Program cndyAnrLdpjq1Ssp1z8xxDsB8dxe7u4HL5Nxi2K5WXZ invoke [1]',
    'Program log: libstd rust_begin_panic',
    "Program log: panicked at 'range end index 1451 out of range for slice of length 496', nft-candy-machine/src/lib.rs:318:18",
    'Program cndyAnrLdpjq1Ssp1z8xxDsB8dxe7u4HL5Nxi2K5WXZ consumed 200000 of 200000 compute units',
    'Program failed to complete: BPF program panicked',
    'Program cndyAnrLdpjq1Ssp1z8xxDsB8dxe7u4HL5Nxi2K5WXZ failed: Program failed to complete'
  ]
}
Done. Successful = false.
wallet public key: ED3xL5u5LaK5oLzyShMrxdGH6MUidtYpxyqXBoM5xbBh
Processing file: 0
Writing indices 0-4
Translating error SendTransactionError: failed to send transaction: Transaction simulation failed: Error processing Instruction 0: Program failed to complete
    at Connection.sendEncodedTransaction (/Users/pro/Sites/metaplex-foundation/metaplex/js/node_modules/@solana/web3.js/src/connection.ts:3553:13)
    at processTicksAndRejections (internal/process/task_queues.js:95:5)
    at async Connection.sendRawTransaction (/Users/pro/Sites/metaplex-foundation/metaplex/js/node_modules/@solana/web3.js/src/connection.ts:3513:20)
    at async Object.sendAndConfirmRawTransaction (/Users/pro/Sites/metaplex-foundation/metaplex/js/node_modules/@solana/web3.js/src/util/send-and-confirm-raw-transaction.ts:27:21)
    at async Provider.send (/Users/pro/Sites/metaplex-foundation/metaplex/js/node_modules/@project-serum/anchor/src/provider.ts:112:18)
    at async Object.rpc [as addConfigLines] (/Users/pro/Sites/metaplex-foundation/metaplex/js/node_modules/@project-serum/anchor/src/program/namespace/rpc.ts:19:23) {
  logs: [
    'Program cndyAnrLdpjq1Ssp1z8xxDsB8dxe7u4HL5Nxi2K5WXZ invoke [1]',
    'Program log: libstd rust_begin_panic',
    "Program log: panicked at 'range end index 1451 out of range for slice of length 496', nft-candy-machine/src/lib.rs:318:18",
    'Program cndyAnrLdpjq1Ssp1z8xxDsB8dxe7u4HL5Nxi2K5WXZ consumed 200000 of 200000 compute units',
    'Program failed to complete: BPF program panicked',
    'Program cndyAnrLdpjq1Ssp1z8xxDsB8dxe7u4HL5Nxi2K5WXZ failed: Program failed to complete'
  ]
}
Done. Successful = false.
wallet public key: ED3xL5u5LaK5oLzyShMrxdGH6MUidtYpxyqXBoM5xbBh
Processing file: 0
Writing indices 0-4
Translating error SendTransactionError: failed to send transaction: Transaction simulation failed: Error processing Instruction 0: Program failed to complete
    at Connection.sendEncodedTransaction (/Users/pro/Sites/metaplex-foundation/metaplex/js/node_modules/@solana/web3.js/src/connection.ts:3553:13)
    at processTicksAndRejections (internal/process/task_queues.js:95:5)
    at async Connection.sendRawTransaction (/Users/pro/Sites/metaplex-foundation/metaplex/js/node_modules/@solana/web3.js/src/connection.ts:3513:20)
    at async Object.sendAndConfirmRawTransaction (/Users/pro/Sites/metaplex-foundation/metaplex/js/node_modules/@solana/web3.js/src/util/send-and-confirm-raw-transaction.ts:27:21)
    at async Provider.send (/Users/pro/Sites/metaplex-foundation/metaplex/js/node_modules/@project-serum/anchor/src/provider.ts:112:18)
    at async Object.rpc [as addConfigLines] (/Users/pro/Sites/metaplex-foundation/metaplex/js/node_modules/@project-serum/anchor/src/program/namespace/rpc.ts:19:23) {
  logs: [
    'Program cndyAnrLdpjq1Ssp1z8xxDsB8dxe7u4HL5Nxi2K5WXZ invoke [1]',
    'Program log: libstd rust_begin_panic',
    "Program log: panicked at 'range end index 1451 out of range for slice of length 496', nft-candy-machine/src/lib.rs:318:18",
    'Program cndyAnrLdpjq1Ssp1z8xxDsB8dxe7u4HL5Nxi2K5WXZ consumed 200000 of 200000 compute units',
    'Program failed to complete: BPF program panicked',
    'Program cndyAnrLdpjq1Ssp1z8xxDsB8dxe7u4HL5Nxi2K5WXZ failed: Program failed to complete'
  ]
}
Done. Successful = false.
wallet public key: ED3xL5u5LaK5oLzyShMrxdGH6MUidtYpxyqXBoM5xbBh
Processing file: 0
Writing indices 0-4
Translating error SendTransactionError: failed to send transaction: Transaction simulation failed: Error processing Instruction 0: Program failed to complete
    at Connection.sendEncodedTransaction (/Users/pro/Sites/metaplex-foundation/metaplex/js/node_modules/@solana/web3.js/src/connection.ts:3553:13)
    at processTicksAndRejections (internal/process/task_queues.js:95:5)
    at async Connection.sendRawTransaction (/Users/pro/Sites/metaplex-foundation/metaplex/js/node_modules/@solana/web3.js/src/connection.ts:3513:20)
    at async Object.sendAndConfirmRawTransaction (/Users/pro/Sites/metaplex-foundation/metaplex/js/node_modules/@solana/web3.js/src/util/send-and-confirm-raw-transaction.ts:27:21)
    at async Provider.send (/Users/pro/Sites/metaplex-foundation/metaplex/js/node_modules/@project-serum/anchor/src/provider.ts:112:18)
    at async Object.rpc [as addConfigLines] (/Users/pro/Sites/metaplex-foundation/metaplex/js/node_modules/@project-serum/anchor/src/program/namespace/rpc.ts:19:23) {
  logs: [
    'Program cndyAnrLdpjq1Ssp1z8xxDsB8dxe7u4HL5Nxi2K5WXZ invoke [1]',
    'Program log: libstd rust_begin_panic',
    "Program log: panicked at 'range end index 1451 out of range for slice of length 496', nft-candy-machine/src/lib.rs:318:18",
    'Program cndyAnrLdpjq1Ssp1z8xxDsB8dxe7u4HL5Nxi2K5WXZ consumed 200000 of 200000 compute units',
    'Program failed to complete: BPF program panicked',
    'Program cndyAnrLdpjq1Ssp1z8xxDsB8dxe7u4HL5Nxi2K5WXZ failed: Program failed to complete'
  ]
}
Done. Successful = false.
wallet public key: ED3xL5u5LaK5oLzyShMrxdGH6MUidtYpxyqXBoM5xbBh
Processing file: 0
Writing indices 0-4
Translating error SendTransactionError: failed to send transaction: Transaction simulation failed: Error processing Instruction 0: Program failed to complete
    at Connection.sendEncodedTransaction (/Users/pro/Sites/metaplex-foundation/metaplex/js/node_modules/@solana/web3.js/src/connection.ts:3553:13)
    at processTicksAndRejections (internal/process/task_queues.js:95:5)
    at async Connection.sendRawTransaction (/Users/pro/Sites/metaplex-foundation/metaplex/js/node_modules/@solana/web3.js/src/connection.ts:3513:20)
    at async Object.sendAndConfirmRawTransaction (/Users/pro/Sites/metaplex-foundation/metaplex/js/node_modules/@solana/web3.js/src/util/send-and-confirm-raw-transaction.ts:27:21)
    at async Provider.send (/Users/pro/Sites/metaplex-foundation/metaplex/js/node_modules/@project-serum/anchor/src/provider.ts:112:18)
    at async Object.rpc [as addConfigLines] (/Users/pro/Sites/metaplex-foundation/metaplex/js/node_modules/@project-serum/anchor/src/program/namespace/rpc.ts:19:23) {
  logs: [
    'Program cndyAnrLdpjq1Ssp1z8xxDsB8dxe7u4HL5Nxi2K5WXZ invoke [1]',
    'Program log: libstd rust_begin_panic',
    "Program log: panicked at 'range end index 1451 out of range for slice of length 496', nft-candy-machine/src/lib.rs:318:18",
    'Program cndyAnrLdpjq1Ssp1z8xxDsB8dxe7u4HL5Nxi2K5WXZ consumed 200000 of 200000 compute units',
    'Program failed to complete: BPF program panicked',
    'Program cndyAnrLdpjq1Ssp1z8xxDsB8dxe7u4HL5Nxi2K5WXZ failed: Program failed to complete'
  ]
}
Done. Successful = false.
wallet public key: ED3xL5u5LaK5oLzyShMrxdGH6MUidtYpxyqXBoM5xbBh
Processing file: 0
Writing indices 0-4
Translating error SendTransactionError: failed to send transaction: Transaction simulation failed: Error processing Instruction 0: Program failed to complete
    at Connection.sendEncodedTransaction (/Users/pro/Sites/metaplex-foundation/metaplex/js/node_modules/@solana/web3.js/src/connection.ts:3553:13)
    at processTicksAndRejections (internal/process/task_queues.js:95:5)
    at async Connection.sendRawTransaction (/Users/pro/Sites/metaplex-foundation/metaplex/js/node_modules/@solana/web3.js/src/connection.ts:3513:20)
    at async Object.sendAndConfirmRawTransaction (/Users/pro/Sites/metaplex-foundation/metaplex/js/node_modules/@solana/web3.js/src/util/send-and-confirm-raw-transaction.ts:27:21)
    at async Provider.send (/Users/pro/Sites/metaplex-foundation/metaplex/js/node_modules/@project-serum/anchor/src/provider.ts:112:18)
    at async Object.rpc [as addConfigLines] (/Users/pro/Sites/metaplex-foundation/metaplex/js/node_modules/@project-serum/anchor/src/program/namespace/rpc.ts:19:23) {
  logs: [
    'Program cndyAnrLdpjq1Ssp1z8xxDsB8dxe7u4HL5Nxi2K5WXZ invoke [1]',
    'Program log: libstd rust_begin_panic',
    "Program log: panicked at 'range end index 1451 out of range for slice of length 496', nft-candy-machine/src/lib.rs:318:18",
    'Program cndyAnrLdpjq1Ssp1z8xxDsB8dxe7u4HL5Nxi2K5WXZ consumed 200000 of 200000 compute units',
    'Program failed to complete: BPF program panicked',
    'Program cndyAnrLdpjq1Ssp1z8xxDsB8dxe7u4HL5Nxi2K5WXZ failed: Program failed to complete'
  ]
}
Done. Successful = false.
wallet public key: ED3xL5u5LaK5oLzyShMrxdGH6MUidtYpxyqXBoM5xbBh
Processing file: 0
Writing indices 0-4
Translating error SendTransactionError: failed to send transaction: Transaction simulation failed: Error processing Instruction 0: Program failed to complete
    at Connection.sendEncodedTransaction (/Users/pro/Sites/metaplex-foundation/metaplex/js/node_modules/@solana/web3.js/src/connection.ts:3553:13)
    at processTicksAndRejections (internal/process/task_queues.js:95:5)
    at async Connection.sendRawTransaction (/Users/pro/Sites/metaplex-foundation/metaplex/js/node_modules/@solana/web3.js/src/connection.ts:3513:20)
    at async Object.sendAndConfirmRawTransaction (/Users/pro/Sites/metaplex-foundation/metaplex/js/node_modules/@solana/web3.js/src/util/send-and-confirm-raw-transaction.ts:27:21)
    at async Provider.send (/Users/pro/Sites/metaplex-foundation/metaplex/js/node_modules/@project-serum/anchor/src/provider.ts:112:18)
    at async Object.rpc [as addConfigLines] (/Users/pro/Sites/metaplex-foundation/metaplex/js/node_modules/@project-serum/anchor/src/program/namespace/rpc.ts:19:23) {
  logs: [
    'Program cndyAnrLdpjq1Ssp1z8xxDsB8dxe7u4HL5Nxi2K5WXZ invoke [1]',
    'Program log: libstd rust_begin_panic',
    "Program log: panicked at 'range end index 1451 out of range for slice of length 496', nft-candy-machine/src/lib.rs:318:18",
    'Program cndyAnrLdpjq1Ssp1z8xxDsB8dxe7u4HL5Nxi2K5WXZ consumed 200000 of 200000 compute units',
    'Program failed to complete: BPF program panicked',
    'Program cndyAnrLdpjq1Ssp1z8xxDsB8dxe7u4HL5Nxi2K5WXZ failed: Program failed to complete'
  ]
}
Done. Successful = false.
wallet public key: ED3xL5u5LaK5oLzyShMrxdGH6MUidtYpxyqXBoM5xbBh
Processing file: 0
Writing indices 0-4
Translating error SendTransactionError: failed to send transaction: Transaction simulation failed: Error processing Instruction 0: Program failed to complete
    at Connection.sendEncodedTransaction (/Users/pro/Sites/metaplex-foundation/metaplex/js/node_modules/@solana/web3.js/src/connection.ts:3553:13)
    at processTicksAndRejections (internal/process/task_queues.js:95:5)
    at async Connection.sendRawTransaction (/Users/pro/Sites/metaplex-foundation/metaplex/js/node_modules/@solana/web3.js/src/connection.ts:3513:20)
    at async Object.sendAndConfirmRawTransaction (/Users/pro/Sites/metaplex-foundation/metaplex/js/node_modules/@solana/web3.js/src/util/send-and-confirm-raw-transaction.ts:27:21)
    at async Provider.send (/Users/pro/Sites/metaplex-foundation/metaplex/js/node_modules/@project-serum/anchor/src/provider.ts:112:18)
    at async Object.rpc [as addConfigLines] (/Users/pro/Sites/metaplex-foundation/metaplex/js/node_modules/@project-serum/anchor/src/program/namespace/rpc.ts:19:23) {
  logs: [
    'Program cndyAnrLdpjq1Ssp1z8xxDsB8dxe7u4HL5Nxi2K5WXZ invoke [1]',
    'Program log: libstd rust_begin_panic',
    "Program log: panicked at 'range end index 1451 out of range for slice of length 496', nft-candy-machine/src/lib.rs:318:18",
    'Program cndyAnrLdpjq1Ssp1z8xxDsB8dxe7u4HL5Nxi2K5WXZ consumed 200000 of 200000 compute units',
    'Program failed to complete: BPF program panicked',
    'Program cndyAnrLdpjq1Ssp1z8xxDsB8dxe7u4HL5Nxi2K5WXZ failed: Program failed to complete'
  ]
}
Done. Successful = false.
wallet public key: ED3xL5u5LaK5oLzyShMrxdGH6MUidtYpxyqXBoM5xbBh
